<?xml version="1.0" encoding="UTF-8"?>
<!-- Generated by org.testng.reporters.JUnitReportReporter -->
<testsuite hostname="Gauravs-MacBook-Air.local" failures="0" tests="1" name="rcrm.ExtentReport.AllAssignedCandidatesPageTest" time="2.112" errors="0" timestamp="2024-11-05T17:54:15 IST" skipped="0">
  <testcase classname="rcrm.ExtentReport.AllAssignedCandidatesPageTest" name="bulkEmailToCandidateInAllAssignedCandidateListView" time="2.112"/>
  <system-out/>
</testsuite> <!-- rcrm.ExtentReport.AllAssignedCandidatesPageTest -->
